{
  "0 debug pnpm:scope": {
    "selected": 1,
    "workspacePrefix": "/Users/phung/IdeaProjects/electron-app"
  },
  "1 info pnpm": {
    "err": {
      "name": "Error",
      "message": "not found: instal",
      "code": "ENOENT",
      "stack": "Error: not found: instal\n    at getNotFoundError (/Users/phung/.nvm/versions/node/v16.13.1/lib/node_modules/pnpm/dist/pnpm.cjs:41182:51)\n    at Function.whichSync [as sync] (/Users/phung/.nvm/versions/node/v16.13.1/lib/node_modules/pnpm/dist/pnpm.cjs:41259:13)\n    at getCommandAbsolutePathSync (/Users/phung/.nvm/versions/node/v16.13.1/lib/node_modules/pnpm/dist/pnpm.cjs:42824:44)\n    at default_1 (/Users/phung/.nvm/versions/node/v16.13.1/lib/node_modules/pnpm/dist/pnpm.cjs:42833:32)\n    at /Users/phung/.nvm/versions/node/v16.13.1/lib/node_modules/pnpm/dist/pnpm.cjs:178717:39"
    }
  },
  "2 error pnpm": {
    "code": "ERR_PNPM_RECURSIVE_EXEC_FIRST_FAIL",
    "prefix": "/Users/phung/IdeaProjects/electron-app/packages/web-frontend",
    "err": {
      "name": "pnpm",
      "message": "not found: instal",
      "code": "ERR_PNPM_RECURSIVE_EXEC_FIRST_FAIL",
      "stack": "Error: not found: instal\n    at getNotFoundError (/Users/phung/.nvm/versions/node/v16.13.1/lib/node_modules/pnpm/dist/pnpm.cjs:41182:51)\n    at Function.whichSync [as sync] (/Users/phung/.nvm/versions/node/v16.13.1/lib/node_modules/pnpm/dist/pnpm.cjs:41259:13)\n    at getCommandAbsolutePathSync (/Users/phung/.nvm/versions/node/v16.13.1/lib/node_modules/pnpm/dist/pnpm.cjs:42824:44)\n    at default_1 (/Users/phung/.nvm/versions/node/v16.13.1/lib/node_modules/pnpm/dist/pnpm.cjs:42833:32)\n    at /Users/phung/.nvm/versions/node/v16.13.1/lib/node_modules/pnpm/dist/pnpm.cjs:178717:39"
    }
  }
}